sample.interval=20000
"rnorm" "matrix" 
"match.call" "stopifnot" "FUN" "apply" "nipals" 
"%*%" "nipals" 
"nipals" 
"nipals" 
"nipals" 
"nipals" 
"nipals" 
"nipals" 
"nipals" 
"crossprod" "nipals" 
"nipals" 
"crossprod" "nipals" 
"crossprod" "nipals" 
"crossprod" "nipals" 
"crossprod" "nipals" 
"%*%" "nipals" 
"%*%" "nipals" 
"crossprod" "nipals" 
"crossprod" "nipals" 
"crossprod" "nipals" 
"%*%" "nipals" 
"nipals" 
"crossprod" "nipals" 
"%*%" "nipals" 
"sys.function" "match.call" "stopifnot" "FUN" "apply" "nipals" 
"crossprod" "nipals" 
"%*%" "nipals" 
"%*%" "nipals" 
"nipals" 
"crossprod" "nipals" 
"crossprod" "nipals" 
"crossprod" "nipals" 
"crossprod" "nipals" 
"apply" "nipals" 
"crossprod" "nipals" 
"crossprod" "nipals" 
"crossprod" "nipals" 
"crossprod" "nipals" 
"%*%" "nipals" 
"%*%" "nipals" 
"%*%" "nipals" 
"match.call" "stopifnot" "FUN" "apply" "nipals" 
"crossprod" "nipals" 
"crossprod" "nipals" 
"crossprod" "nipals" 
"crossprod" "nipals" 
"%*%" "nipals" 
"%*%" "nipals" 
"crossprod" "nipals" 
"crossprod" "nipals" 
"crossprod" "nipals" 
"%*%" "nipals" 
"%*%" "nipals" 
"FUN" "apply" "nipals" 
"crossprod" "nipals" 
"%*%" "nipals" 
"%*%" "nipals" 
"%*%" "nipals" 
"crossprod" "nipals" 
"%*%" "nipals" 
"%*%" "nipals" 
"%*%" "nipals" 
"crossprod" "nipals" 
"%*%" "nipals" 
"crossprod" "nipals" 
"crossprod" "nipals" 
"crossprod" "nipals" 
"%*%" "nipals" 
"crossprod" "nipals" 
"stopifnot" "FUN" "apply" "nipals" 
"%*%" "nipals" 
"%*%" "nipals" 
"crossprod" "nipals" 
"%*%" "nipals" 
"crossprod" "nipals" 
"%*%" "nipals" 
"crossprod" "nipals" 
"crossprod" "nipals" 
"crossprod" "nipals" 
"%*%" "nipals" 
"crossprod" "nipals" 
"crossprod" "nipals" 
"crossprod" "nipals" 
"nipals" 
"%*%" "nipals" 
"%*%" "nipals" 
"%*%" "nipals" 
"%*%" "nipals" 
"%*%" "nipals" 
"crossprod" "nipals" 
"%*%" "nipals" 
"nipals" 
"%*%" "nipals" 
"crossprod" "nipals" 
"%*%" "nipals" 
"crossprod" "nipals" 
"%*%" "nipals" 
"crossprod" "nipals" 
"crossprod" "nipals" 
"%*%" "nipals" 
"crossprod" "nipals" 
"crossprod" "nipals" 
"%*%" "nipals" 
